  stb_image_aug.c
d:\work\comp3380\project\lab4_code_pflighting\glfw_example\glfw_example\soil\src\stb_image_aug.c(177): warning C4996: 'fopen': This function or variable may be unsafe. Consider using fopen_s instead. To disable deprecation, use _CRT_SECURE_NO_WARNINGS. See online help for details.
  c:\program files (x86)\windows kits\10\include\10.0.17134.0\ucrt\stdio.h(208): note: voir la déclaration de 'fopen'
d:\work\comp3380\project\lab4_code_pflighting\glfw_example\glfw_example\soil\src\stb_image_aug.c(251): warning C4996: 'fopen': This function or variable may be unsafe. Consider using fopen_s instead. To disable deprecation, use _CRT_SECURE_NO_WARNINGS. See online help for details.
  c:\program files (x86)\windows kits\10\include\10.0.17134.0\ucrt\stdio.h(208): note: voir la déclaration de 'fopen'
d:\work\comp3380\project\lab4_code_pflighting\glfw_example\glfw_example\soil\src\stb_image_aug.c(303): warning C4996: 'fopen': This function or variable may be unsafe. Consider using fopen_s instead. To disable deprecation, use _CRT_SECURE_NO_WARNINGS. See online help for details.
  c:\program files (x86)\windows kits\10\include\10.0.17134.0\ucrt\stdio.h(208): note: voir la déclaration de 'fopen'
d:\work\comp3380\project\lab4_code_pflighting\glfw_example\glfw_example\soil\src\stb_image_aug.c(1557): warning C4996: 'fopen': This function or variable may be unsafe. Consider using fopen_s instead. To disable deprecation, use _CRT_SECURE_NO_WARNINGS. See online help for details.
  c:\program files (x86)\windows kits\10\include\10.0.17134.0\ucrt\stdio.h(208): note: voir la déclaration de 'fopen'
d:\work\comp3380\project\lab4_code_pflighting\glfw_example\glfw_example\soil\src\stb_image_aug.c(2394): warning C4996: 'fopen': This function or variable may be unsafe. Consider using fopen_s instead. To disable deprecation, use _CRT_SECURE_NO_WARNINGS. See online help for details.
  c:\program files (x86)\windows kits\10\include\10.0.17134.0\ucrt\stdio.h(208): note: voir la déclaration de 'fopen'
d:\work\comp3380\project\lab4_code_pflighting\glfw_example\glfw_example\soil\src\stb_image_aug.c(2709): warning C4996: 'fopen': This function or variable may be unsafe. Consider using fopen_s instead. To disable deprecation, use _CRT_SECURE_NO_WARNINGS. See online help for details.
  c:\program files (x86)\windows kits\10\include\10.0.17134.0\ucrt\stdio.h(208): note: voir la déclaration de 'fopen'
d:\work\comp3380\project\lab4_code_pflighting\glfw_example\glfw_example\soil\src\stb_image_aug.c(2995): warning C4996: 'fopen': This function or variable may be unsafe. Consider using fopen_s instead. To disable deprecation, use _CRT_SECURE_NO_WARNINGS. See online help for details.
  c:\program files (x86)\windows kits\10\include\10.0.17134.0\ucrt\stdio.h(208): note: voir la déclaration de 'fopen'
d:\work\comp3380\project\lab4_code_pflighting\glfw_example\glfw_example\soil\src\stb_image_aug.c(3209): warning C4996: 'fopen': This function or variable may be unsafe. Consider using fopen_s instead. To disable deprecation, use _CRT_SECURE_NO_WARNINGS. See online help for details.
  c:\program files (x86)\windows kits\10\include\10.0.17134.0\ucrt\stdio.h(208): note: voir la déclaration de 'fopen'
d:\work\comp3380\project\lab4_code_pflighting\glfw_example\glfw_example\soil\src\stb_image_aug.c(3548): warning C4996: 'fopen': This function or variable may be unsafe. Consider using fopen_s instead. To disable deprecation, use _CRT_SECURE_NO_WARNINGS. See online help for details.
  c:\program files (x86)\windows kits\10\include\10.0.17134.0\ucrt\stdio.h(208): note: voir la déclaration de 'fopen'
d:\work\comp3380\project\lab4_code_pflighting\glfw_example\glfw_example\soil\src\stb_image_aug.c(3644): warning C4996: 'fopen': This function or variable may be unsafe. Consider using fopen_s instead. To disable deprecation, use _CRT_SECURE_NO_WARNINGS. See online help for details.
  c:\program files (x86)\windows kits\10\include\10.0.17134.0\ucrt\stdio.h(208): note: voir la déclaration de 'fopen'
d:\work\comp3380\project\lab4_code_pflighting\glfw_example\glfw_example\soil\src\stbi_dds_aug_c.h(362): warning C4018: '>' : incompatibilité signed/unsigned
d:\work\comp3380\project\lab4_code_pflighting\glfw_example\glfw_example\soil\src\stbi_dds_aug_c.h(366): warning C4018: '>' : incompatibilité signed/unsigned
d:\work\comp3380\project\lab4_code_pflighting\glfw_example\glfw_example\soil\src\stbi_dds_aug_c.h(390): warning C4018: '<' : incompatibilité signed/unsigned
d:\work\comp3380\project\lab4_code_pflighting\glfw_example\glfw_example\soil\src\stbi_dds_aug_c.h(427): warning C4018: '<' : incompatibilité signed/unsigned
d:\work\comp3380\project\lab4_code_pflighting\glfw_example\glfw_example\soil\src\stbi_dds_aug_c.h(498): warning C4996: 'fopen': This function or variable may be unsafe. Consider using fopen_s instead. To disable deprecation, use _CRT_SECURE_NO_WARNINGS. See online help for details.
  c:\program files (x86)\windows kits\10\include\10.0.17134.0\ucrt\stdio.h(208): note: voir la déclaration de 'fopen'
  SOIL.c
d:\work\comp3380\project\lab4_code_pflighting\glfw_example\glfw_example\soil\src\soil.c(1719): warning C4018: '<=' : incompatibilité signed/unsigned
d:\work\comp3380\project\lab4_code_pflighting\glfw_example\glfw_example\soil\src\soil.c(1729): warning C4018: '<' : incompatibilité signed/unsigned
d:\work\comp3380\project\lab4_code_pflighting\glfw_example\glfw_example\soil\src\soil.c(1841): warning C4996: 'fopen': This function or variable may be unsafe. Consider using fopen_s instead. To disable deprecation, use _CRT_SECURE_NO_WARNINGS. See online help for details.
  c:\program files (x86)\windows kits\10\include\10.0.17134.0\ucrt\stdio.h(208): note: voir la déclaration de 'fopen'
  image_helper.c
d:\work\comp3380\project\lab4_code_pflighting\glfw_example\glfw_example\soil\src\image_helper.c(325): warning C4244: 'initialisation' : conversion de 'double' en 'float', perte possible de données
d:\work\comp3380\project\lab4_code_pflighting\glfw_example\glfw_example\soil\src\image_helper.c(366): warning C4244: '=' : conversion de 'double' en 'float', perte possible de données
d:\work\comp3380\project\lab4_code_pflighting\glfw_example\glfw_example\soil\src\image_helper.c(373): warning C4244: '=' : conversion de 'float' en 'int', perte possible de données
d:\work\comp3380\project\lab4_code_pflighting\glfw_example\glfw_example\soil\src\image_helper.c(415): warning C4244: '=' : conversion de 'double' en 'float', perte possible de données
d:\work\comp3380\project\lab4_code_pflighting\glfw_example\glfw_example\soil\src\image_helper.c(422): warning C4244: '=' : conversion de 'float' en 'int', perte possible de données
  image_DXT.c
d:\work\comp3380\project\lab4_code_pflighting\glfw_example\glfw_example\soil\src\image_dxt.c(92): warning C4996: 'fopen': This function or variable may be unsafe. Consider using fopen_s instead. To disable deprecation, use _CRT_SECURE_NO_WARNINGS. See online help for details.
  c:\program files (x86)\windows kits\10\include\10.0.17134.0\ucrt\stdio.h(208): note: voir la déclaration de 'fopen'
  Génération de code en cours...
  SOIL.vcxproj -> D:\Work\Comp3380\project\Lab4_Code_PFLighting\GLFW_EXAMPLE\Debug\SOIL.lib
